00:20:51.705 [INFO ] [PurchaseProducts] - The Test Suite app.suites.PurchaseProducts has started
00:20:58.099 [INFO ] [PurchaseProducts] - Local Driver
00:20:58.100 [INFO ] [PurchaseProducts] -  Base Url: https://www.demoblaze.com/ Browser: chrome
00:20:58.100 [INFO ] [PurchaseProducts] - Driver: ChromeDriver: chrome on WINDOWS (0f66e39df95c176827d8aa1734360438)
00:21:03.945 [INFO ] [PurchaseProducts] - 
 ----------------------------------------------------------------------
00:21:03.946 [INFO ] [PurchaseProducts] -  -------------- Step 1 Login to the access Credentials ------------------
00:21:04.030 [INFO ] [ExplicitWaits] - Waiting for max:: 15 seconds for element [[ChromeDriver: chrome on WINDOWS (0f66e39df95c176827d8aa1734360438)] -> xpath: //a[contains(text(),'Laptops')]] to be clickable
00:21:04.222 [INFO ] [ExplicitWaits] - Element [[ChromeDriver: chrome on WINDOWS (0f66e39df95c176827d8aa1734360438)] -> xpath: //a[contains(text(),'Laptops')]] is clickable
00:21:04.330 [INFO ] [SeleniumActions] - The Click on a WebElement: [[ChromeDriver: chrome on WINDOWS (0f66e39df95c176827d8aa1734360438)] -> xpath: //a[contains(text(),'Laptops')]]
00:21:04.330 [INFO ] [ProductStoreLPage] - The Click on Filter
00:21:04.330 [INFO ] [ExplicitWaits] - Waiting for max:: 15 seconds for element # to be present in the URL
00:21:04.343 [INFO ] [ExplicitWaits] - The URL contains: #
00:21:04.343 [INFO ] [ProductStoreLPage] - The URL is displayed correctly
00:22:01.306 [INFO ] [SeleniumActions] - The text of the WebElement: [[ChromeDriver: chrome on WINDOWS (0f66e39df95c176827d8aa1734360438)] -> xpath: //h4/a] is : Sony vaio i5
00:22:08.625 [INFO ] [ProductStoreLPage] - Product: Sony vaio i5
00:23:07.957 [INFO ] [SeleniumActions] - The text of the WebElement: [[ChromeDriver: chrome on WINDOWS (0f66e39df95c176827d8aa1734360438)] -> xpath: //h4/a] is : Sony vaio i7
00:23:15.022 [INFO ] [ProductStoreLPage] - Product: Sony vaio i7
00:23:37.865 [INFO ] [SeleniumActions] - The text of the WebElement: [[ChromeDriver: chrome on WINDOWS (0f66e39df95c176827d8aa1734360438)] -> xpath: //h4/a] is : MacBook air
00:23:37.865 [INFO ] [ProductStoreLPage] - Product: MacBook air
00:23:47.345 [INFO ] [SeleniumActions] - The text of the WebElement: [[ChromeDriver: chrome on WINDOWS (0f66e39df95c176827d8aa1734360438)] -> xpath: //h4/a] is : Dell i7 8gb
00:23:47.346 [INFO ] [ProductStoreLPage] - Product: Dell i7 8gb
00:23:48.154 [INFO ] [SeleniumActions] - Click on the WebElement: [[ChromeDriver: chrome on WINDOWS (0f66e39df95c176827d8aa1734360438)] -> xpath: //h4/a]
00:23:48.199 [INFO ] [PurchaseProducts] - ======FAILED=====
00:23:49.095 [DEBUG] [UsefulMethods] - Local WebDriver detected..
00:23:49.207 [INFO ] [PurchaseProducts] - Exception: java.lang.IndexOutOfBoundsException: Index: 3, Size: 0
	at java.util.ArrayList.rangeCheck(ArrayList.java:659)
	at java.util.ArrayList.get(ArrayList.java:435)
	at sun.reflect.NativeMethodAccessorImpl.invoke0(Native Method)
	at sun.reflect.NativeMethodAccessorImpl.invoke(NativeMethodAccessorImpl.java:62)
	at sun.reflect.DelegatingMethodAccessorImpl.invoke(DelegatingMethodAccessorImpl.java:43)
	at java.lang.reflect.Method.invoke(Method.java:498)
	at org.openqa.selenium.support.pagefactory.internal.LocatingElementListHandler.invoke(LocatingElementListHandler.java:39)
	at com.sun.proxy.$Proxy29.get(Unknown Source)
	at app.pages.ProductStoreLPage.clickOnTheProduct(ProductStoreLPage.java:75)
	at app.suites.PurchaseProducts.purchaseLaptop(PurchaseProducts.java:87)
	at sun.reflect.NativeMethodAccessorImpl.invoke0(Native Method)
	at sun.reflect.NativeMethodAccessorImpl.invoke(NativeMethodAccessorImpl.java:62)
	at sun.reflect.DelegatingMethodAccessorImpl.invoke(DelegatingMethodAccessorImpl.java:43)
	at java.lang.reflect.Method.invoke(Method.java:498)
	at org.testng.internal.MethodInvocationHelper.invokeMethod(MethodInvocationHelper.java:108)
	at org.testng.internal.Invoker.invokeMethod(Invoker.java:661)
	at org.testng.internal.Invoker.invokeTestMethod(Invoker.java:869)
	at org.testng.internal.Invoker.invokeTestMethods(Invoker.java:1193)
	at org.testng.internal.TestMethodWorker.invokeTestMethods(TestMethodWorker.java:126)
	at org.testng.internal.TestMethodWorker.run(TestMethodWorker.java:109)
	at org.testng.TestRunner.privateRun(TestRunner.java:744)
	at org.testng.TestRunner.run(TestRunner.java:602)
	at org.testng.SuiteRunner.runTest(SuiteRunner.java:380)
	at org.testng.SuiteRunner.runSequentially(SuiteRunner.java:375)
	at org.testng.SuiteRunner.privateRun(SuiteRunner.java:340)
	at org.testng.SuiteRunner.run(SuiteRunner.java:289)
	at org.testng.SuiteRunnerWorker.runSuite(SuiteRunnerWorker.java:52)
	at org.testng.SuiteRunnerWorker.run(SuiteRunnerWorker.java:86)
	at org.testng.TestNG.runSuitesSequentially(TestNG.java:1301)
	at org.testng.TestNG.runSuitesLocally(TestNG.java:1226)
	at org.testng.TestNG.runSuites(TestNG.java:1144)
	at org.testng.TestNG.run(TestNG.java:1115)
	at org.testng.remote.AbstractRemoteTestNG.run(AbstractRemoteTestNG.java:115)
	at org.testng.remote.RemoteTestNG.initAndRun(RemoteTestNG.java:251)
	at org.testng.remote.RemoteTestNG.main(RemoteTestNG.java:77)

00:23:49.223 [INFO ] [PurchaseProducts] - ----------------------------------------------------------------------
00:23:49.223 [INFO ] [PurchaseProducts] -  -------------- The Test purchaseLaptop has been completed
00:23:49.223 [INFO ] [PurchaseProducts] - ----------------------------------------------------------------------
