00:08:54.406 [INFO ] [PurchaseProducts] - The Test Suite app.suites.PurchaseProducts has started
00:09:00.083 [INFO ] [PurchaseProducts] - Local Driver
00:09:00.084 [INFO ] [PurchaseProducts] -  Base Url: https://www.demoblaze.com/ Browser: chrome
00:09:00.084 [INFO ] [PurchaseProducts] - Driver: ChromeDriver: chrome on WINDOWS (e10b9489247653d6c300374b66de1f82)
00:09:03.473 [INFO ] [PurchaseProducts] - 
 ----------------------------------------------------------------------
00:09:03.473 [INFO ] [PurchaseProducts] -  -------------- Step 1 Login to the access Credentials ------------------
00:09:03.551 [INFO ] [ExplicitWaits] - Waiting for max:: 15 seconds for element [[ChromeDriver: chrome on WINDOWS (e10b9489247653d6c300374b66de1f82)] -> xpath: //a[contains(text(),'Laptops')]] to be clickable
00:09:03.723 [INFO ] [ExplicitWaits] - Element [[ChromeDriver: chrome on WINDOWS (e10b9489247653d6c300374b66de1f82)] -> xpath: //a[contains(text(),'Laptops')]] is clickable
00:09:03.845 [INFO ] [SeleniumActions] - The Click on a WebElement: [[ChromeDriver: chrome on WINDOWS (e10b9489247653d6c300374b66de1f82)] -> xpath: //a[contains(text(),'Laptops')]]
00:09:03.846 [INFO ] [ProductStoreLPage] - The Click on Filter
00:09:03.847 [INFO ] [ExplicitWaits] - Waiting for max:: 15 seconds for element # to be present in the URL
00:09:03.858 [INFO ] [ExplicitWaits] - The URL contains: #
00:09:03.858 [INFO ] [ProductStoreLPage] - The URL is displayed correctly
00:09:03.957 [INFO ] [SeleniumActions] - The text of the WebElement: [[ChromeDriver: chrome on WINDOWS (e10b9489247653d6c300374b66de1f82)] -> xpath: //h4/a] is : Samsung galaxy s6
00:09:03.958 [INFO ] [ProductStoreLPage] - Product: Samsung galaxy s6
00:09:04.033 [INFO ] [SeleniumActions] - The text of the WebElement: [[ChromeDriver: chrome on WINDOWS (e10b9489247653d6c300374b66de1f82)] -> xpath: //h4/a] is : Nokia lumia 1520
00:09:04.034 [INFO ] [ProductStoreLPage] - Product: Nokia lumia 1520
00:09:04.111 [INFO ] [SeleniumActions] - The text of the WebElement: [[ChromeDriver: chrome on WINDOWS (e10b9489247653d6c300374b66de1f82)] -> xpath: //h4/a] is : Nexus 6
00:09:04.111 [INFO ] [ProductStoreLPage] - Product: Nexus 6
00:09:04.237 [INFO ] [PurchaseProducts] - ======FAILED=====
00:09:04.770 [DEBUG] [UsefulMethods] - Local WebDriver detected..
00:09:04.877 [INFO ] [PurchaseProducts] - Exception: org.openqa.selenium.StaleElementReferenceException: stale element reference: element is not attached to the page document
  (Session info: chrome=85.0.4183.83)
For documentation on this error, please visit: https://www.seleniumhq.org/exceptions/stale_element_reference.html
Build info: version: '3.141.59', revision: 'e82be7d358', time: '2018-11-14T08:17:03'
System info: host: 'DESKTOP-H2M3TG4', ip: '192.168.0.10', os.name: 'Windows 10', os.arch: 'amd64', os.version: '10.0', java.version: '1.8.0_261'
Driver info: org.openqa.selenium.chrome.ChromeDriver
Capabilities {acceptInsecureCerts: false, browserName: chrome, browserVersion: 85.0.4183.83, chrome: {chromedriverVersion: 85.0.4183.83 (94abc2237ae0c..., userDataDir: C:\Users\acer\AppData\Local...}, goog:chromeOptions: {debuggerAddress: localhost:62176}, javascriptEnabled: true, networkConnectionEnabled: false, pageLoadStrategy: normal, platform: WINDOWS, platformName: WINDOWS, proxy: Proxy(), setWindowRect: true, strictFileInteractability: false, timeouts: {implicit: 0, pageLoad: 300000, script: 30000}, unhandledPromptBehavior: dismiss and notify, webauthn:virtualAuthenticators: true}
Session ID: e10b9489247653d6c300374b66de1f82
	at sun.reflect.NativeConstructorAccessorImpl.newInstance0(Native Method)
	at sun.reflect.NativeConstructorAccessorImpl.newInstance(NativeConstructorAccessorImpl.java:62)
	at sun.reflect.DelegatingConstructorAccessorImpl.newInstance(DelegatingConstructorAccessorImpl.java:45)
	at java.lang.reflect.Constructor.newInstance(Constructor.java:423)
	at org.openqa.selenium.remote.http.W3CHttpResponseCodec.createException(W3CHttpResponseCodec.java:187)
	at org.openqa.selenium.remote.http.W3CHttpResponseCodec.decode(W3CHttpResponseCodec.java:122)
	at org.openqa.selenium.remote.http.W3CHttpResponseCodec.decode(W3CHttpResponseCodec.java:49)
	at org.openqa.selenium.remote.HttpCommandExecutor.execute(HttpCommandExecutor.java:158)
	at org.openqa.selenium.remote.service.DriverCommandExecutor.execute(DriverCommandExecutor.java:83)
	at org.openqa.selenium.remote.RemoteWebDriver.execute(RemoteWebDriver.java:552)
	at org.openqa.selenium.remote.RemoteWebElement.execute(RemoteWebElement.java:285)
	at org.openqa.selenium.remote.RemoteWebElement.getText(RemoteWebElement.java:166)
	at app.common.SeleniumActions.getElementText(SeleniumActions.java:31)
	at app.pages.ProductStoreLPage.clickOnTheProduct(ProductStoreLPage.java:64)
	at app.suites.PurchaseProducts.purchaseLaptop(PurchaseProducts.java:87)
	at sun.reflect.NativeMethodAccessorImpl.invoke0(Native Method)
	at sun.reflect.NativeMethodAccessorImpl.invoke(NativeMethodAccessorImpl.java:62)
	at sun.reflect.DelegatingMethodAccessorImpl.invoke(DelegatingMethodAccessorImpl.java:43)
	at java.lang.reflect.Method.invoke(Method.java:498)
	at org.testng.internal.MethodInvocationHelper.invokeMethod(MethodInvocationHelper.java:108)
	at org.testng.internal.Invoker.invokeMethod(Invoker.java:661)
	at org.testng.internal.Invoker.invokeTestMethod(Invoker.java:869)
	at org.testng.internal.Invoker.invokeTestMethods(Invoker.java:1193)
	at org.testng.internal.TestMethodWorker.invokeTestMethods(TestMethodWorker.java:126)
	at org.testng.internal.TestMethodWorker.run(TestMethodWorker.java:109)
	at org.testng.TestRunner.privateRun(TestRunner.java:744)
	at org.testng.TestRunner.run(TestRunner.java:602)
	at org.testng.SuiteRunner.runTest(SuiteRunner.java:380)
	at org.testng.SuiteRunner.runSequentially(SuiteRunner.java:375)
	at org.testng.SuiteRunner.privateRun(SuiteRunner.java:340)
	at org.testng.SuiteRunner.run(SuiteRunner.java:289)
	at org.testng.SuiteRunnerWorker.runSuite(SuiteRunnerWorker.java:52)
	at org.testng.SuiteRunnerWorker.run(SuiteRunnerWorker.java:86)
	at org.testng.TestNG.runSuitesSequentially(TestNG.java:1301)
	at org.testng.TestNG.runSuitesLocally(TestNG.java:1226)
	at org.testng.TestNG.runSuites(TestNG.java:1144)
	at org.testng.TestNG.run(TestNG.java:1115)
	at org.testng.remote.AbstractRemoteTestNG.run(AbstractRemoteTestNG.java:115)
	at org.testng.remote.RemoteTestNG.initAndRun(RemoteTestNG.java:251)
	at org.testng.remote.RemoteTestNG.main(RemoteTestNG.java:77)

00:09:04.915 [INFO ] [PurchaseProducts] - ----------------------------------------------------------------------
00:09:04.915 [INFO ] [PurchaseProducts] -  -------------- The Test purchaseLaptop has been completed
00:09:04.915 [INFO ] [PurchaseProducts] - ----------------------------------------------------------------------
