00:14:14.041 [INFO ] [PurchaseProducts] - The Test Suite app.suites.PurchaseProducts has started
00:14:22.228 [INFO ] [PurchaseProducts] - Local Driver
00:14:22.228 [INFO ] [PurchaseProducts] -  Base Url: https://www.demoblaze.com/ Browser: chrome
00:14:22.228 [INFO ] [PurchaseProducts] - Driver: ChromeDriver: chrome on WINDOWS (5f132ffbea1f7b9633975c474bd3d30d)
00:14:30.537 [INFO ] [PurchaseProducts] - 
 ----------------------------------------------------------------------
00:14:30.537 [INFO ] [PurchaseProducts] -  -------------- Step 1 Login to the access Credentials ------------------
00:14:30.653 [INFO ] [ExplicitWaits] - Waiting for max:: 15 seconds for element [[ChromeDriver: chrome on WINDOWS (5f132ffbea1f7b9633975c474bd3d30d)] -> xpath: //a[contains(text(),'Laptops')]] to be clickable
00:14:30.814 [INFO ] [ExplicitWaits] - Element [[ChromeDriver: chrome on WINDOWS (5f132ffbea1f7b9633975c474bd3d30d)] -> xpath: //a[contains(text(),'Laptops')]] is clickable
00:14:30.932 [INFO ] [SeleniumActions] - The Click on a WebElement: [[ChromeDriver: chrome on WINDOWS (5f132ffbea1f7b9633975c474bd3d30d)] -> xpath: //a[contains(text(),'Laptops')]]
00:14:30.933 [INFO ] [ProductStoreLPage] - The Click on Filter
00:14:30.933 [INFO ] [ExplicitWaits] - Waiting for max:: 15 seconds for element # to be present in the URL
00:14:30.946 [INFO ] [ExplicitWaits] - The URL contains: #
00:14:30.946 [INFO ] [ProductStoreLPage] - The URL is displayed correctly
00:14:34.050 [INFO ] [SeleniumActions] - The text of the WebElement: [[ChromeDriver: chrome on WINDOWS (5f132ffbea1f7b9633975c474bd3d30d)] -> xpath: //h4/a] is : Sony vaio i5
00:14:34.050 [INFO ] [ProductStoreLPage] - Product: Sony vaio i5
00:14:34.129 [INFO ] [SeleniumActions] - The text of the WebElement: [[ChromeDriver: chrome on WINDOWS (5f132ffbea1f7b9633975c474bd3d30d)] -> xpath: //h4/a] is : Sony vaio i7
00:14:34.130 [INFO ] [ProductStoreLPage] - Product: Sony vaio i7
00:14:34.213 [INFO ] [SeleniumActions] - The text of the WebElement: [[ChromeDriver: chrome on WINDOWS (5f132ffbea1f7b9633975c474bd3d30d)] -> xpath: //h4/a] is : MacBook air
00:14:34.213 [INFO ] [ProductStoreLPage] - Product: MacBook air
00:14:34.287 [INFO ] [SeleniumActions] - The text of the WebElement: [[ChromeDriver: chrome on WINDOWS (5f132ffbea1f7b9633975c474bd3d30d)] -> xpath: //h4/a] is : Dell i7 8gb
00:14:34.287 [INFO ] [ProductStoreLPage] - Product: Dell i7 8gb
00:14:36.967 [INFO ] [SeleniumActions] - Click on the WebElement: [[ChromeDriver: chrome on WINDOWS (5f132ffbea1f7b9633975c474bd3d30d)] -> xpath: //h4/a]
00:14:37.022 [INFO ] [ProductStoreLPage] - The Click on the element Dell i7 8gb
00:14:37.070 [INFO ] [ExplicitWaits] - Waiting for max:: 15 seconds for element Proxy element for: DefaultElementLocator 'By.xpath: //h2[@class='name']' to be visible
00:14:37.663 [INFO ] [ExplicitWaits] - Element [[ChromeDriver: chrome on WINDOWS (5f132ffbea1f7b9633975c474bd3d30d)] -> xpath: //h2[@class='name']] is present
00:14:37.716 [INFO ] [JavaScriptFunctions] - Shade element [[ChromeDriver: chrome on WINDOWS (5f132ffbea1f7b9633975c474bd3d30d)] -> xpath: //h2[@class='name']]
00:14:38.318 [INFO ] [SeleniumActions] - The text of the WebElement: [[ChromeDriver: chrome on WINDOWS (5f132ffbea1f7b9633975c474bd3d30d)] -> xpath: //h2[@class='name']] is : Dell i7 8gb
00:14:38.318 [INFO ] [SupportValidations] - The Actual Header is: Dell i7 8gb The Expected Header is: Dell i7 8gb
00:14:38.337 [INFO ] [ExplicitWaits] - Waiting for max:: 15 seconds for element [[ChromeDriver: chrome on WINDOWS (5f132ffbea1f7b9633975c474bd3d30d)] -> xpath: //a[@class='btn btn-success btn-lg']] to be clickable
00:14:38.426 [INFO ] [ExplicitWaits] - Element [[ChromeDriver: chrome on WINDOWS (5f132ffbea1f7b9633975c474bd3d30d)] -> xpath: //a[@class='btn btn-success btn-lg']] is clickable
00:14:38.555 [INFO ] [SeleniumActions] - The Click on a WebElement: [[ChromeDriver: chrome on WINDOWS (5f132ffbea1f7b9633975c474bd3d30d)] -> xpath: //a[@class='btn btn-success btn-lg']]
00:14:38.555 [INFO ] [ProductPage] - Click on Add to Cart
00:14:41.575 [INFO ] [ProductPage] - The alert was displayed successfully
00:14:41.609 [INFO ] [ExplicitWaits] - Waiting for max:: 15 seconds for element [[ChromeDriver: chrome on WINDOWS (5f132ffbea1f7b9633975c474bd3d30d)] -> xpath: //a[contains(text(),'Cart')]] to be clickable
00:14:41.734 [INFO ] [ExplicitWaits] - Element [[ChromeDriver: chrome on WINDOWS (5f132ffbea1f7b9633975c474bd3d30d)] -> xpath: //a[contains(text(),'Cart')]] is clickable
00:14:42.829 [INFO ] [SeleniumActions] - The Click on a WebElement: [[ChromeDriver: chrome on WINDOWS (5f132ffbea1f7b9633975c474bd3d30d)] -> xpath: //a[contains(text(),'Cart')]]
00:14:42.829 [INFO ] [ProductPage] - Click on Cart Tab
00:14:42.830 [INFO ] [ExplicitWaits] - Waiting for max:: 10 seconds for element cart.html to be present in the URL
00:14:42.885 [INFO ] [ExplicitWaits] - The URL contains: cart.html
00:14:42.886 [INFO ] [CartPage] - The Cart URL is displayed correctly
00:14:42.961 [INFO ] [ExplicitWaits] - Waiting for max:: 15 seconds for element Proxy element for: DefaultElementLocator 'By.xpath: //tr//td[2]' to be visible
00:14:43.569 [INFO ] [ExplicitWaits] - Element [[ChromeDriver: chrome on WINDOWS (5f132ffbea1f7b9633975c474bd3d30d)] -> xpath: //tr//td[2]] is present
00:14:43.609 [INFO ] [ExplicitWaits] - Waiting for max:: 15 seconds for element [[ChromeDriver: chrome on WINDOWS (5f132ffbea1f7b9633975c474bd3d30d)] -> xpath: //tr//td[3]] to be visible
00:14:43.671 [INFO ] [ExplicitWaits] - Element [[ChromeDriver: chrome on WINDOWS (5f132ffbea1f7b9633975c474bd3d30d)] -> xpath: //tr//td[3]] is present
00:14:43.672 [INFO ] [ExplicitWaits] - Waiting for max:: 15 seconds for string Dell i7 8gb to be present in the Element
00:14:43.711 [INFO ] [ExplicitWaits] - The element contains: Dell i7 8gb
00:14:43.748 [INFO ] [CartPage] - The Actual Product Name is : Dell i7 8gb The Expected Product Name is: Dell i7 8gb
00:14:43.799 [INFO ] [CartPage] - The Actual Product Price is : 700 The Expected Product Price is: 
00:14:43.806 [INFO ] [PurchaseProducts] - ======FAILED=====
00:14:44.465 [DEBUG] [UsefulMethods] - Local WebDriver detected..
00:14:44.595 [INFO ] [PurchaseProducts] - Exception: java.lang.AssertionError: expected [700] but found []
	at org.testng.Assert.fail(Assert.java:93)
	at org.testng.Assert.failNotEquals(Assert.java:512)
	at org.testng.Assert.assertEqualsImpl(Assert.java:134)
	at org.testng.Assert.assertEquals(Assert.java:115)
	at org.testng.Assert.assertEquals(Assert.java:189)
	at org.testng.Assert.assertEquals(Assert.java:199)
	at app.pages.CartPage.verifyCartPage(CartPage.java:85)
	at app.suites.PurchaseProducts.purchaseLaptop(PurchaseProducts.java:94)
	at sun.reflect.NativeMethodAccessorImpl.invoke0(Native Method)
	at sun.reflect.NativeMethodAccessorImpl.invoke(NativeMethodAccessorImpl.java:62)
	at sun.reflect.DelegatingMethodAccessorImpl.invoke(DelegatingMethodAccessorImpl.java:43)
	at java.lang.reflect.Method.invoke(Method.java:498)
	at org.testng.internal.MethodInvocationHelper.invokeMethod(MethodInvocationHelper.java:108)
	at org.testng.internal.Invoker.invokeMethod(Invoker.java:661)
	at org.testng.internal.Invoker.invokeTestMethod(Invoker.java:869)
	at org.testng.internal.Invoker.invokeTestMethods(Invoker.java:1193)
	at org.testng.internal.TestMethodWorker.invokeTestMethods(TestMethodWorker.java:126)
	at org.testng.internal.TestMethodWorker.run(TestMethodWorker.java:109)
	at org.testng.TestRunner.privateRun(TestRunner.java:744)
	at org.testng.TestRunner.run(TestRunner.java:602)
	at org.testng.SuiteRunner.runTest(SuiteRunner.java:380)
	at org.testng.SuiteRunner.runSequentially(SuiteRunner.java:375)
	at org.testng.SuiteRunner.privateRun(SuiteRunner.java:340)
	at org.testng.SuiteRunner.run(SuiteRunner.java:289)
	at org.testng.SuiteRunnerWorker.runSuite(SuiteRunnerWorker.java:52)
	at org.testng.SuiteRunnerWorker.run(SuiteRunnerWorker.java:86)
	at org.testng.TestNG.runSuitesSequentially(TestNG.java:1301)
	at org.testng.TestNG.runSuitesLocally(TestNG.java:1226)
	at org.testng.TestNG.runSuites(TestNG.java:1144)
	at org.testng.TestNG.run(TestNG.java:1115)
	at org.testng.remote.AbstractRemoteTestNG.run(AbstractRemoteTestNG.java:115)
	at org.testng.remote.RemoteTestNG.initAndRun(RemoteTestNG.java:251)
	at org.testng.remote.RemoteTestNG.main(RemoteTestNG.java:77)

00:14:44.616 [INFO ] [PurchaseProducts] - ----------------------------------------------------------------------
00:14:44.617 [INFO ] [PurchaseProducts] -  -------------- The Test purchaseLaptop has been completed
00:14:44.617 [INFO ] [PurchaseProducts] - ----------------------------------------------------------------------
