23:22:49.959 [INFO ] [PurchaseProducts] - The Test Suite app.suites.PurchaseProducts has started
23:22:56.369 [INFO ] [PurchaseProducts] - Local Driver
23:22:56.369 [INFO ] [PurchaseProducts] -  Base Url: https://www.demoblaze.com/ Browser: chrome
23:22:56.370 [INFO ] [PurchaseProducts] - Driver: ChromeDriver: chrome on WINDOWS (5c834c8347ffd806b33b8479e063cc0e)
23:23:00.325 [INFO ] [PurchaseProducts] - 
 ----------------------------------------------------------------------
23:23:00.325 [INFO ] [PurchaseProducts] -  -------------- Step 1 Login to the access Credentials ------------------
23:23:00.373 [INFO ] [ExplicitWaits] - Waiting for max:: 15 seconds for element [[ChromeDriver: chrome on WINDOWS (5c834c8347ffd806b33b8479e063cc0e)] -> xpath: //a[contains(text(),'Laptops')]] to be clickable
23:23:00.554 [INFO ] [ExplicitWaits] - Element [[ChromeDriver: chrome on WINDOWS (5c834c8347ffd806b33b8479e063cc0e)] -> xpath: //a[contains(text(),'Laptops')]] is clickable
23:23:00.678 [INFO ] [SeleniumActions] - The Click on a WebElement: [[ChromeDriver: chrome on WINDOWS (5c834c8347ffd806b33b8479e063cc0e)] -> xpath: //a[contains(text(),'Laptops')]]
23:23:00.678 [INFO ] [ProductStoreLPage] - The Click on Filter
23:23:00.678 [INFO ] [ExplicitWaits] - Waiting for max:: 15 seconds for element # to be present in the URL
23:23:00.696 [INFO ] [ExplicitWaits] - The URL contains: #
23:23:00.696 [INFO ] [ProductStoreLPage] - The URL is displayed correctly
23:23:00.773 [INFO ] [SeleniumActions] - The text of the WebElement: [[ChromeDriver: chrome on WINDOWS (5c834c8347ffd806b33b8479e063cc0e)] -> xpath: //h4/a] is : Samsung galaxy s6
23:23:00.773 [INFO ] [ProductStoreLPage] - Product: Samsung galaxy s6
23:23:00.843 [INFO ] [SeleniumActions] - The text of the WebElement: [[ChromeDriver: chrome on WINDOWS (5c834c8347ffd806b33b8479e063cc0e)] -> xpath: //h4/a] is : Nokia lumia 1520
23:23:00.843 [INFO ] [ProductStoreLPage] - Product: Nokia lumia 1520
23:23:01.045 [INFO ] [SeleniumActions] - The text of the WebElement: [[ChromeDriver: chrome on WINDOWS (5c834c8347ffd806b33b8479e063cc0e)] -> xpath: //h4/a] is : MacBook air
23:23:01.045 [INFO ] [ProductStoreLPage] - Product: MacBook air
23:23:01.145 [INFO ] [SeleniumActions] - The text of the WebElement: [[ChromeDriver: chrome on WINDOWS (5c834c8347ffd806b33b8479e063cc0e)] -> xpath: //h4/a] is : Dell i7 8gb
23:23:01.145 [INFO ] [ProductStoreLPage] - Product: Dell i7 8gb
23:23:01.719 [INFO ] [SeleniumActions] - Click on the WebElement: [[ChromeDriver: chrome on WINDOWS (5c834c8347ffd806b33b8479e063cc0e)] -> xpath: //h4/a]
23:23:01.720 [INFO ] [ProductStoreLPage] - The Click on the element Dell i7 8gb
23:23:01.902 [INFO ] [ExplicitWaits] - Waiting for max:: 15 seconds for element Proxy element for: DefaultElementLocator 'By.xpath: //h2[@class='name']' to be visible
23:23:02.089 [INFO ] [ExplicitWaits] - Element [[ChromeDriver: chrome on WINDOWS (5c834c8347ffd806b33b8479e063cc0e)] -> xpath: //h2[@class='name']] is present
23:23:02.163 [INFO ] [JavaScriptFunctions] - Shade element [[ChromeDriver: chrome on WINDOWS (5c834c8347ffd806b33b8479e063cc0e)] -> xpath: //h2[@class='name']]
23:23:02.760 [INFO ] [SeleniumActions] - The text of the WebElement: [[ChromeDriver: chrome on WINDOWS (5c834c8347ffd806b33b8479e063cc0e)] -> xpath: //h2[@class='name']] is : Dell i7 8gb
23:23:02.760 [INFO ] [SupportValidations] - The Actual Header is: Dell i7 8gb The Expected Header is: Dell i7 8gb
23:23:02.785 [INFO ] [ExplicitWaits] - Waiting for max:: 15 seconds for element [[ChromeDriver: chrome on WINDOWS (5c834c8347ffd806b33b8479e063cc0e)] -> xpath: //a[@class='btn btn-success btn-lg']] to be clickable
23:23:02.882 [INFO ] [ExplicitWaits] - Element [[ChromeDriver: chrome on WINDOWS (5c834c8347ffd806b33b8479e063cc0e)] -> xpath: //a[@class='btn btn-success btn-lg']] is clickable
23:23:03.043 [INFO ] [SeleniumActions] - The Click on a WebElement: [[ChromeDriver: chrome on WINDOWS (5c834c8347ffd806b33b8479e063cc0e)] -> xpath: //a[@class='btn btn-success btn-lg']]
23:23:03.044 [INFO ] [ProductPage] - Click on Add to Cart
23:23:04.073 [INFO ] [PurchaseProducts] - ======FAILED=====
23:23:04.601 [DEBUG] [UsefulMethods] - Local WebDriver detected..
23:23:04.689 [INFO ] [PurchaseProducts] - Exception: org.openqa.selenium.UnhandledAlertException: unexpected alert open: {Alert text : Product added}
  (Session info: chrome=85.0.4183.83): Product added
Build info: version: '3.141.59', revision: 'e82be7d358', time: '2018-11-14T08:17:03'
System info: host: 'DESKTOP-H2M3TG4', ip: '192.168.0.10', os.name: 'Windows 10', os.arch: 'amd64', os.version: '10.0', java.version: '1.8.0_261'
Driver info: org.openqa.selenium.chrome.ChromeDriver
Capabilities {acceptInsecureCerts: false, browserName: chrome, browserVersion: 85.0.4183.83, chrome: {chromedriverVersion: 85.0.4183.83 (94abc2237ae0c..., userDataDir: C:\Users\acer\AppData\Local...}, goog:chromeOptions: {debuggerAddress: localhost:60093}, javascriptEnabled: true, networkConnectionEnabled: false, pageLoadStrategy: normal, platform: WINDOWS, platformName: WINDOWS, proxy: Proxy(), setWindowRect: true, strictFileInteractability: false, timeouts: {implicit: 0, pageLoad: 300000, script: 30000}, unhandledPromptBehavior: dismiss and notify, webauthn:virtualAuthenticators: true}
Session ID: 5c834c8347ffd806b33b8479e063cc0e
	at org.openqa.selenium.remote.http.W3CHttpResponseCodec.decode(W3CHttpResponseCodec.java:120)
	at org.openqa.selenium.remote.http.W3CHttpResponseCodec.decode(W3CHttpResponseCodec.java:49)
	at org.openqa.selenium.remote.HttpCommandExecutor.execute(HttpCommandExecutor.java:158)
	at org.openqa.selenium.remote.service.DriverCommandExecutor.execute(DriverCommandExecutor.java:83)
	at org.openqa.selenium.remote.RemoteWebDriver.execute(RemoteWebDriver.java:552)
	at org.openqa.selenium.remote.RemoteWebDriver$RemoteTargetLocator.defaultContent(RemoteWebDriver.java:922)
	at app.pages.ProductPage.acceptPopUp(ProductPage.java:64)
	at app.suites.PurchaseProducts.purchaseLaptop(PurchaseProducts.java:88)
	at sun.reflect.NativeMethodAccessorImpl.invoke0(Native Method)
	at sun.reflect.NativeMethodAccessorImpl.invoke(NativeMethodAccessorImpl.java:62)
	at sun.reflect.DelegatingMethodAccessorImpl.invoke(DelegatingMethodAccessorImpl.java:43)
	at java.lang.reflect.Method.invoke(Method.java:498)
	at org.testng.internal.MethodInvocationHelper.invokeMethod(MethodInvocationHelper.java:108)
	at org.testng.internal.Invoker.invokeMethod(Invoker.java:661)
	at org.testng.internal.Invoker.invokeTestMethod(Invoker.java:869)
	at org.testng.internal.Invoker.invokeTestMethods(Invoker.java:1193)
	at org.testng.internal.TestMethodWorker.invokeTestMethods(TestMethodWorker.java:126)
	at org.testng.internal.TestMethodWorker.run(TestMethodWorker.java:109)
	at org.testng.TestRunner.privateRun(TestRunner.java:744)
	at org.testng.TestRunner.run(TestRunner.java:602)
	at org.testng.SuiteRunner.runTest(SuiteRunner.java:380)
	at org.testng.SuiteRunner.runSequentially(SuiteRunner.java:375)
	at org.testng.SuiteRunner.privateRun(SuiteRunner.java:340)
	at org.testng.SuiteRunner.run(SuiteRunner.java:289)
	at org.testng.SuiteRunnerWorker.runSuite(SuiteRunnerWorker.java:52)
	at org.testng.SuiteRunnerWorker.run(SuiteRunnerWorker.java:86)
	at org.testng.TestNG.runSuitesSequentially(TestNG.java:1301)
	at org.testng.TestNG.runSuitesLocally(TestNG.java:1226)
	at org.testng.TestNG.runSuites(TestNG.java:1144)
	at org.testng.TestNG.run(TestNG.java:1115)
	at org.testng.remote.AbstractRemoteTestNG.run(AbstractRemoteTestNG.java:115)
	at org.testng.remote.RemoteTestNG.initAndRun(RemoteTestNG.java:251)
	at org.testng.remote.RemoteTestNG.main(RemoteTestNG.java:77)

23:23:04.703 [INFO ] [PurchaseProducts] - ----------------------------------------------------------------------
23:23:04.703 [INFO ] [PurchaseProducts] -  -------------- The Test purchaseLaptop has been completed
23:23:04.703 [INFO ] [PurchaseProducts] - ----------------------------------------------------------------------
