00:09:51.355 [INFO ] [PurchaseProducts] - The Test Suite app.suites.PurchaseProducts has started
00:09:57.112 [INFO ] [PurchaseProducts] - Local Driver
00:09:57.112 [INFO ] [PurchaseProducts] -  Base Url: https://www.demoblaze.com/ Browser: chrome
00:09:57.113 [INFO ] [PurchaseProducts] - Driver: ChromeDriver: chrome on WINDOWS (ee532f5804b214dda5bf53454b6c3a0e)
00:10:00.841 [INFO ] [PurchaseProducts] - 
 ----------------------------------------------------------------------
00:10:00.841 [INFO ] [PurchaseProducts] -  -------------- Step 1 Login to the access Credentials ------------------
00:10:00.917 [INFO ] [ExplicitWaits] - Waiting for max:: 15 seconds for element [[ChromeDriver: chrome on WINDOWS (ee532f5804b214dda5bf53454b6c3a0e)] -> xpath: //a[contains(text(),'Laptops')]] to be clickable
00:10:01.073 [INFO ] [ExplicitWaits] - Element [[ChromeDriver: chrome on WINDOWS (ee532f5804b214dda5bf53454b6c3a0e)] -> xpath: //a[contains(text(),'Laptops')]] is clickable
00:10:01.192 [INFO ] [SeleniumActions] - The Click on a WebElement: [[ChromeDriver: chrome on WINDOWS (ee532f5804b214dda5bf53454b6c3a0e)] -> xpath: //a[contains(text(),'Laptops')]]
00:10:01.192 [INFO ] [ProductStoreLPage] - The Click on Filter
00:10:01.193 [INFO ] [ExplicitWaits] - Waiting for max:: 15 seconds for element # to be present in the URL
00:10:01.202 [INFO ] [ExplicitWaits] - The URL contains: #
00:10:01.202 [INFO ] [ProductStoreLPage] - The URL is displayed correctly
00:10:01.294 [INFO ] [SeleniumActions] - The text of the WebElement: [[ChromeDriver: chrome on WINDOWS (ee532f5804b214dda5bf53454b6c3a0e)] -> xpath: //h4/a] is : Samsung galaxy s6
00:10:01.295 [INFO ] [ProductStoreLPage] - Product: Samsung galaxy s6
00:10:01.397 [INFO ] [SeleniumActions] - The text of the WebElement: [[ChromeDriver: chrome on WINDOWS (ee532f5804b214dda5bf53454b6c3a0e)] -> xpath: //h4/a] is : Nokia lumia 1520
00:10:01.397 [INFO ] [ProductStoreLPage] - Product: Nokia lumia 1520
00:10:01.473 [INFO ] [SeleniumActions] - The text of the WebElement: [[ChromeDriver: chrome on WINDOWS (ee532f5804b214dda5bf53454b6c3a0e)] -> xpath: //h4/a] is : MacBook air
00:10:01.474 [INFO ] [ProductStoreLPage] - Product: MacBook air
00:10:01.579 [INFO ] [SeleniumActions] - The text of the WebElement: [[ChromeDriver: chrome on WINDOWS (ee532f5804b214dda5bf53454b6c3a0e)] -> xpath: //h4/a] is : Dell i7 8gb
00:10:01.580 [INFO ] [ProductStoreLPage] - Product: Dell i7 8gb
00:10:02.228 [INFO ] [SeleniumActions] - Click on the WebElement: [[ChromeDriver: chrome on WINDOWS (ee532f5804b214dda5bf53454b6c3a0e)] -> xpath: //h4/a]
00:10:02.456 [INFO ] [ProductStoreLPage] - The Click on the element Dell i7 8gb
00:10:02.560 [INFO ] [ExplicitWaits] - Waiting for max:: 15 seconds for element Proxy element for: DefaultElementLocator 'By.xpath: //h2[@class='name']' to be visible
00:10:02.677 [INFO ] [ExplicitWaits] - Element [[ChromeDriver: chrome on WINDOWS (ee532f5804b214dda5bf53454b6c3a0e)] -> xpath: //h2[@class='name']] is present
00:10:02.772 [INFO ] [JavaScriptFunctions] - Shade element [[ChromeDriver: chrome on WINDOWS (ee532f5804b214dda5bf53454b6c3a0e)] -> xpath: //h2[@class='name']]
00:10:03.362 [INFO ] [SeleniumActions] - The text of the WebElement: [[ChromeDriver: chrome on WINDOWS (ee532f5804b214dda5bf53454b6c3a0e)] -> xpath: //h2[@class='name']] is : Dell i7 8gb
00:10:03.363 [INFO ] [SupportValidations] - The Actual Header is: Dell i7 8gb The Expected Header is: Dell i7 8gb
00:10:03.386 [INFO ] [ExplicitWaits] - Waiting for max:: 15 seconds for element [[ChromeDriver: chrome on WINDOWS (ee532f5804b214dda5bf53454b6c3a0e)] -> xpath: //a[@class='btn btn-success btn-lg']] to be clickable
00:10:03.480 [INFO ] [ExplicitWaits] - Element [[ChromeDriver: chrome on WINDOWS (ee532f5804b214dda5bf53454b6c3a0e)] -> xpath: //a[@class='btn btn-success btn-lg']] is clickable
00:10:03.624 [INFO ] [SeleniumActions] - The Click on a WebElement: [[ChromeDriver: chrome on WINDOWS (ee532f5804b214dda5bf53454b6c3a0e)] -> xpath: //a[@class='btn btn-success btn-lg']]
00:10:03.624 [INFO ] [ProductPage] - Click on Add to Cart
00:10:06.642 [INFO ] [ProductPage] - The alert was displayed successfully
00:10:06.730 [INFO ] [ExplicitWaits] - Waiting for max:: 15 seconds for element [[ChromeDriver: chrome on WINDOWS (ee532f5804b214dda5bf53454b6c3a0e)] -> xpath: //a[contains(text(),'Cart')]] to be clickable
00:10:06.850 [INFO ] [ExplicitWaits] - Element [[ChromeDriver: chrome on WINDOWS (ee532f5804b214dda5bf53454b6c3a0e)] -> xpath: //a[contains(text(),'Cart')]] is clickable
00:10:07.612 [INFO ] [SeleniumActions] - The Click on a WebElement: [[ChromeDriver: chrome on WINDOWS (ee532f5804b214dda5bf53454b6c3a0e)] -> xpath: //a[contains(text(),'Cart')]]
00:10:07.613 [INFO ] [ProductPage] - Click on Cart Tab
00:10:07.614 [INFO ] [ExplicitWaits] - Waiting for max:: 10 seconds for element cart.html to be present in the URL
00:10:07.624 [INFO ] [ExplicitWaits] - The URL contains: cart.html
00:10:07.624 [INFO ] [CartPage] - The Cart URL is displayed correctly
00:10:07.778 [INFO ] [ExplicitWaits] - Waiting for max:: 15 seconds for element Proxy element for: DefaultElementLocator 'By.xpath: //tr//td[2]' to be visible
00:10:08.412 [INFO ] [ExplicitWaits] - Element [[ChromeDriver: chrome on WINDOWS (ee532f5804b214dda5bf53454b6c3a0e)] -> xpath: //tr//td[2]] is present
00:10:08.437 [INFO ] [ExplicitWaits] - Waiting for max:: 15 seconds for element [[ChromeDriver: chrome on WINDOWS (ee532f5804b214dda5bf53454b6c3a0e)] -> xpath: //tr//td[3]] to be visible
00:10:08.488 [INFO ] [ExplicitWaits] - Element [[ChromeDriver: chrome on WINDOWS (ee532f5804b214dda5bf53454b6c3a0e)] -> xpath: //tr//td[3]] is present
00:10:08.529 [INFO ] [CartPage] - The Actual Product Name is : Dell i7 8gbThe Expected Product Name is: Dell i7 8gb
00:10:08.579 [INFO ] [CartPage] - The Actual Product Price is : 700The Expected Product Price is: Dell i7 8gb
00:10:08.586 [INFO ] [PurchaseProducts] - ======FAILED=====
00:10:09.225 [DEBUG] [UsefulMethods] - Local WebDriver detected..
00:10:09.305 [INFO ] [PurchaseProducts] - Exception: java.lang.AssertionError: expected [700] but found []
	at org.testng.Assert.fail(Assert.java:93)
	at org.testng.Assert.failNotEquals(Assert.java:512)
	at org.testng.Assert.assertEqualsImpl(Assert.java:134)
	at org.testng.Assert.assertEquals(Assert.java:115)
	at org.testng.Assert.assertEquals(Assert.java:189)
	at org.testng.Assert.assertEquals(Assert.java:199)
	at app.pages.CartPage.verifyCartPage(CartPage.java:84)
	at app.suites.PurchaseProducts.purchaseLaptop(PurchaseProducts.java:94)
	at sun.reflect.NativeMethodAccessorImpl.invoke0(Native Method)
	at sun.reflect.NativeMethodAccessorImpl.invoke(NativeMethodAccessorImpl.java:62)
	at sun.reflect.DelegatingMethodAccessorImpl.invoke(DelegatingMethodAccessorImpl.java:43)
	at java.lang.reflect.Method.invoke(Method.java:498)
	at org.testng.internal.MethodInvocationHelper.invokeMethod(MethodInvocationHelper.java:108)
	at org.testng.internal.Invoker.invokeMethod(Invoker.java:661)
	at org.testng.internal.Invoker.invokeTestMethod(Invoker.java:869)
	at org.testng.internal.Invoker.invokeTestMethods(Invoker.java:1193)
	at org.testng.internal.TestMethodWorker.invokeTestMethods(TestMethodWorker.java:126)
	at org.testng.internal.TestMethodWorker.run(TestMethodWorker.java:109)
	at org.testng.TestRunner.privateRun(TestRunner.java:744)
	at org.testng.TestRunner.run(TestRunner.java:602)
	at org.testng.SuiteRunner.runTest(SuiteRunner.java:380)
	at org.testng.SuiteRunner.runSequentially(SuiteRunner.java:375)
	at org.testng.SuiteRunner.privateRun(SuiteRunner.java:340)
	at org.testng.SuiteRunner.run(SuiteRunner.java:289)
	at org.testng.SuiteRunnerWorker.runSuite(SuiteRunnerWorker.java:52)
	at org.testng.SuiteRunnerWorker.run(SuiteRunnerWorker.java:86)
	at org.testng.TestNG.runSuitesSequentially(TestNG.java:1301)
	at org.testng.TestNG.runSuitesLocally(TestNG.java:1226)
	at org.testng.TestNG.runSuites(TestNG.java:1144)
	at org.testng.TestNG.run(TestNG.java:1115)
	at org.testng.remote.AbstractRemoteTestNG.run(AbstractRemoteTestNG.java:115)
	at org.testng.remote.RemoteTestNG.initAndRun(RemoteTestNG.java:251)
	at org.testng.remote.RemoteTestNG.main(RemoteTestNG.java:77)

00:10:09.320 [INFO ] [PurchaseProducts] - ----------------------------------------------------------------------
00:10:09.321 [INFO ] [PurchaseProducts] -  -------------- The Test purchaseLaptop has been completed
00:10:09.321 [INFO ] [PurchaseProducts] - ----------------------------------------------------------------------
