23:24:25.303 [INFO ] [PurchaseProducts] - The Test Suite app.suites.PurchaseProducts has started
23:24:31.740 [INFO ] [PurchaseProducts] - Local Driver
23:24:31.740 [INFO ] [PurchaseProducts] -  Base Url: https://www.demoblaze.com/ Browser: chrome
23:24:31.741 [INFO ] [PurchaseProducts] - Driver: ChromeDriver: chrome on WINDOWS (21c331becd0ee8acee13a20ca0f89ffe)
23:24:35.155 [INFO ] [PurchaseProducts] - 
 ----------------------------------------------------------------------
23:24:35.156 [INFO ] [PurchaseProducts] -  -------------- Step 1 Login to the access Credentials ------------------
23:24:35.208 [INFO ] [ExplicitWaits] - Waiting for max:: 15 seconds for element [[ChromeDriver: chrome on WINDOWS (21c331becd0ee8acee13a20ca0f89ffe)] -> xpath: //a[contains(text(),'Laptops')]] to be clickable
23:24:35.360 [INFO ] [ExplicitWaits] - Element [[ChromeDriver: chrome on WINDOWS (21c331becd0ee8acee13a20ca0f89ffe)] -> xpath: //a[contains(text(),'Laptops')]] is clickable
23:24:35.487 [INFO ] [SeleniumActions] - The Click on a WebElement: [[ChromeDriver: chrome on WINDOWS (21c331becd0ee8acee13a20ca0f89ffe)] -> xpath: //a[contains(text(),'Laptops')]]
23:24:35.487 [INFO ] [ProductStoreLPage] - The Click on Filter
23:24:35.488 [INFO ] [ExplicitWaits] - Waiting for max:: 15 seconds for element # to be present in the URL
23:24:35.499 [INFO ] [ExplicitWaits] - The URL contains: #
23:24:35.500 [INFO ] [ProductStoreLPage] - The URL is displayed correctly
23:24:35.600 [INFO ] [SeleniumActions] - The text of the WebElement: [[ChromeDriver: chrome on WINDOWS (21c331becd0ee8acee13a20ca0f89ffe)] -> xpath: //h4/a] is : Samsung galaxy s6
23:24:35.601 [INFO ] [ProductStoreLPage] - Product: Samsung galaxy s6
23:24:35.682 [INFO ] [SeleniumActions] - The text of the WebElement: [[ChromeDriver: chrome on WINDOWS (21c331becd0ee8acee13a20ca0f89ffe)] -> xpath: //h4/a] is : Nokia lumia 1520
23:24:35.684 [INFO ] [ProductStoreLPage] - Product: Nokia lumia 1520
23:24:35.802 [INFO ] [SeleniumActions] - The text of the WebElement: [[ChromeDriver: chrome on WINDOWS (21c331becd0ee8acee13a20ca0f89ffe)] -> xpath: //h4/a] is : MacBook air
23:24:35.802 [INFO ] [ProductStoreLPage] - Product: MacBook air
23:24:35.875 [INFO ] [SeleniumActions] - The text of the WebElement: [[ChromeDriver: chrome on WINDOWS (21c331becd0ee8acee13a20ca0f89ffe)] -> xpath: //h4/a] is : Dell i7 8gb
23:24:35.875 [INFO ] [ProductStoreLPage] - Product: Dell i7 8gb
23:24:36.395 [INFO ] [SeleniumActions] - Click on the WebElement: [[ChromeDriver: chrome on WINDOWS (21c331becd0ee8acee13a20ca0f89ffe)] -> xpath: //h4/a]
23:24:36.396 [INFO ] [ProductStoreLPage] - The Click on the element Dell i7 8gb
23:24:36.494 [INFO ] [ExplicitWaits] - Waiting for max:: 15 seconds for element Proxy element for: DefaultElementLocator 'By.xpath: //h2[@class='name']' to be visible
23:24:37.110 [INFO ] [ExplicitWaits] - Element [[ChromeDriver: chrome on WINDOWS (21c331becd0ee8acee13a20ca0f89ffe)] -> xpath: //h2[@class='name']] is present
23:24:37.180 [INFO ] [JavaScriptFunctions] - Shade element [[ChromeDriver: chrome on WINDOWS (21c331becd0ee8acee13a20ca0f89ffe)] -> xpath: //h2[@class='name']]
23:24:37.764 [INFO ] [SeleniumActions] - The text of the WebElement: [[ChromeDriver: chrome on WINDOWS (21c331becd0ee8acee13a20ca0f89ffe)] -> xpath: //h2[@class='name']] is : Dell i7 8gb
23:24:37.765 [INFO ] [SupportValidations] - The Actual Header is: Dell i7 8gb The Expected Header is: Dell i7 8gb
23:24:37.784 [INFO ] [ExplicitWaits] - Waiting for max:: 15 seconds for element [[ChromeDriver: chrome on WINDOWS (21c331becd0ee8acee13a20ca0f89ffe)] -> xpath: //a[@class='btn btn-success btn-lg']] to be clickable
23:24:37.866 [INFO ] [ExplicitWaits] - Element [[ChromeDriver: chrome on WINDOWS (21c331becd0ee8acee13a20ca0f89ffe)] -> xpath: //a[@class='btn btn-success btn-lg']] is clickable
23:24:37.992 [INFO ] [SeleniumActions] - The Click on a WebElement: [[ChromeDriver: chrome on WINDOWS (21c331becd0ee8acee13a20ca0f89ffe)] -> xpath: //a[@class='btn btn-success btn-lg']]
23:24:37.993 [INFO ] [ProductPage] - Click on Add to Cart
23:24:44.029 [INFO ] [PurchaseProducts] - ======FAILED=====
23:24:44.653 [DEBUG] [UsefulMethods] - Local WebDriver detected..
23:24:44.747 [INFO ] [PurchaseProducts] - Exception: org.openqa.selenium.UnhandledAlertException: unexpected alert open: {Alert text : Product added}
  (Session info: chrome=85.0.4183.83): Product added
Build info: version: '3.141.59', revision: 'e82be7d358', time: '2018-11-14T08:17:03'
System info: host: 'DESKTOP-H2M3TG4', ip: '192.168.0.10', os.name: 'Windows 10', os.arch: 'amd64', os.version: '10.0', java.version: '1.8.0_261'
Driver info: org.openqa.selenium.chrome.ChromeDriver
Capabilities {acceptInsecureCerts: false, browserName: chrome, browserVersion: 85.0.4183.83, chrome: {chromedriverVersion: 85.0.4183.83 (94abc2237ae0c..., userDataDir: C:\Users\acer\AppData\Local...}, goog:chromeOptions: {debuggerAddress: localhost:60293}, javascriptEnabled: true, networkConnectionEnabled: false, pageLoadStrategy: normal, platform: WINDOWS, platformName: WINDOWS, proxy: Proxy(), setWindowRect: true, strictFileInteractability: false, timeouts: {implicit: 0, pageLoad: 300000, script: 30000}, unhandledPromptBehavior: dismiss and notify, webauthn:virtualAuthenticators: true}
Session ID: 21c331becd0ee8acee13a20ca0f89ffe
	at org.openqa.selenium.remote.http.W3CHttpResponseCodec.decode(W3CHttpResponseCodec.java:120)
	at org.openqa.selenium.remote.http.W3CHttpResponseCodec.decode(W3CHttpResponseCodec.java:49)
	at org.openqa.selenium.remote.HttpCommandExecutor.execute(HttpCommandExecutor.java:158)
	at org.openqa.selenium.remote.service.DriverCommandExecutor.execute(DriverCommandExecutor.java:83)
	at org.openqa.selenium.remote.RemoteWebDriver.execute(RemoteWebDriver.java:552)
	at org.openqa.selenium.remote.RemoteWebDriver$RemoteTargetLocator.defaultContent(RemoteWebDriver.java:922)
	at app.pages.ProductPage.acceptPopUp(ProductPage.java:62)
	at app.suites.PurchaseProducts.purchaseLaptop(PurchaseProducts.java:88)
	at sun.reflect.NativeMethodAccessorImpl.invoke0(Native Method)
	at sun.reflect.NativeMethodAccessorImpl.invoke(NativeMethodAccessorImpl.java:62)
	at sun.reflect.DelegatingMethodAccessorImpl.invoke(DelegatingMethodAccessorImpl.java:43)
	at java.lang.reflect.Method.invoke(Method.java:498)
	at org.testng.internal.MethodInvocationHelper.invokeMethod(MethodInvocationHelper.java:108)
	at org.testng.internal.Invoker.invokeMethod(Invoker.java:661)
	at org.testng.internal.Invoker.invokeTestMethod(Invoker.java:869)
	at org.testng.internal.Invoker.invokeTestMethods(Invoker.java:1193)
	at org.testng.internal.TestMethodWorker.invokeTestMethods(TestMethodWorker.java:126)
	at org.testng.internal.TestMethodWorker.run(TestMethodWorker.java:109)
	at org.testng.TestRunner.privateRun(TestRunner.java:744)
	at org.testng.TestRunner.run(TestRunner.java:602)
	at org.testng.SuiteRunner.runTest(SuiteRunner.java:380)
	at org.testng.SuiteRunner.runSequentially(SuiteRunner.java:375)
	at org.testng.SuiteRunner.privateRun(SuiteRunner.java:340)
	at org.testng.SuiteRunner.run(SuiteRunner.java:289)
	at org.testng.SuiteRunnerWorker.runSuite(SuiteRunnerWorker.java:52)
	at org.testng.SuiteRunnerWorker.run(SuiteRunnerWorker.java:86)
	at org.testng.TestNG.runSuitesSequentially(TestNG.java:1301)
	at org.testng.TestNG.runSuitesLocally(TestNG.java:1226)
	at org.testng.TestNG.runSuites(TestNG.java:1144)
	at org.testng.TestNG.run(TestNG.java:1115)
	at org.testng.remote.AbstractRemoteTestNG.run(AbstractRemoteTestNG.java:115)
	at org.testng.remote.RemoteTestNG.initAndRun(RemoteTestNG.java:251)
	at org.testng.remote.RemoteTestNG.main(RemoteTestNG.java:77)

23:24:44.777 [INFO ] [PurchaseProducts] - ----------------------------------------------------------------------
23:24:44.777 [INFO ] [PurchaseProducts] -  -------------- The Test purchaseLaptop has been completed
23:24:44.778 [INFO ] [PurchaseProducts] - ----------------------------------------------------------------------
