23:18:07.759 [INFO ] [PurchaseProducts] - The Test Suite app.suites.PurchaseProducts has started
23:18:13.384 [INFO ] [PurchaseProducts] - Local Driver
23:18:13.385 [INFO ] [PurchaseProducts] -  Base Url: https://www.demoblaze.com/ Browser: chrome
23:18:13.385 [INFO ] [PurchaseProducts] - Driver: ChromeDriver: chrome on WINDOWS (c409ce2c4c1e6aea84da1832bd894a21)
23:18:17.890 [INFO ] [PurchaseProducts] - 
 ----------------------------------------------------------------------
23:18:17.890 [INFO ] [PurchaseProducts] -  -------------- Step 1 Login to the access Credentials ------------------
23:18:17.946 [INFO ] [ExplicitWaits] - Waiting for max:: 10 seconds for element [[ChromeDriver: chrome on WINDOWS (c409ce2c4c1e6aea84da1832bd894a21)] -> xpath: //a[contains(text(),'Laptops')]] to be clickable
23:18:18.167 [INFO ] [ExplicitWaits] - Element [[ChromeDriver: chrome on WINDOWS (c409ce2c4c1e6aea84da1832bd894a21)] -> xpath: //a[contains(text(),'Laptops')]] is clickable
23:18:18.327 [INFO ] [SeleniumActions] - The Click on a WebElement: [[ChromeDriver: chrome on WINDOWS (c409ce2c4c1e6aea84da1832bd894a21)] -> xpath: //a[contains(text(),'Laptops')]]
23:18:18.328 [INFO ] [ProductStoreLPage] - The Click on Filter
23:18:18.328 [INFO ] [ExplicitWaits] - Waiting for max:: 10 seconds for element # to be present in the URL
23:18:18.341 [INFO ] [ExplicitWaits] - The URL contains: #
23:18:18.341 [INFO ] [ProductStoreLPage] - The URL is displayed correctly
23:18:18.467 [INFO ] [SeleniumActions] - The text of the WebElement: [[ChromeDriver: chrome on WINDOWS (c409ce2c4c1e6aea84da1832bd894a21)] -> xpath: //h4/a] is : Samsung galaxy s6
23:18:18.467 [INFO ] [ProductStoreLPage] - Product: Samsung galaxy s6
23:18:18.535 [INFO ] [SeleniumActions] - The text of the WebElement: [[ChromeDriver: chrome on WINDOWS (c409ce2c4c1e6aea84da1832bd894a21)] -> xpath: //h4/a] is : Nokia lumia 1520
23:18:18.536 [INFO ] [ProductStoreLPage] - Product: Nokia lumia 1520
23:18:18.662 [INFO ] [SeleniumActions] - The text of the WebElement: [[ChromeDriver: chrome on WINDOWS (c409ce2c4c1e6aea84da1832bd894a21)] -> xpath: //h4/a] is : MacBook air
23:18:18.662 [INFO ] [ProductStoreLPage] - Product: MacBook air
23:18:18.765 [INFO ] [SeleniumActions] - The text of the WebElement: [[ChromeDriver: chrome on WINDOWS (c409ce2c4c1e6aea84da1832bd894a21)] -> xpath: //h4/a] is : Dell i7 8gb
23:18:18.765 [INFO ] [ProductStoreLPage] - Product: Dell i7 8gb
23:18:19.459 [INFO ] [SeleniumActions] - Click on the WebElement: [[ChromeDriver: chrome on WINDOWS (c409ce2c4c1e6aea84da1832bd894a21)] -> xpath: //h4/a]
23:18:19.459 [INFO ] [ProductStoreLPage] - The Click on the element Dell i7 8gb
23:18:19.602 [INFO ] [ExplicitWaits] - Waiting for max:: 10 seconds for element Proxy element for: DefaultElementLocator 'By.xpath: //h2[@class='name']' to be visible
23:18:20.253 [INFO ] [ExplicitWaits] - Element [[ChromeDriver: chrome on WINDOWS (c409ce2c4c1e6aea84da1832bd894a21)] -> xpath: //h2[@class='name']] is present
23:18:20.315 [INFO ] [JavaScriptFunctions] - Shade element [[ChromeDriver: chrome on WINDOWS (c409ce2c4c1e6aea84da1832bd894a21)] -> xpath: //h2[@class='name']]
23:18:20.909 [INFO ] [SeleniumActions] - The text of the WebElement: [[ChromeDriver: chrome on WINDOWS (c409ce2c4c1e6aea84da1832bd894a21)] -> xpath: //h2[@class='name']] is : Dell i7 8gb
23:18:20.909 [INFO ] [SupportValidations] - The Actual Header is: Dell i7 8gb The Expected Header is: Dell i7 8gb
23:18:20.935 [INFO ] [ExplicitWaits] - Waiting for max:: 10 seconds for element [[ChromeDriver: chrome on WINDOWS (c409ce2c4c1e6aea84da1832bd894a21)] -> xpath: //a[@class='btn btn-success btn-lg']] to be clickable
23:18:21.024 [INFO ] [ExplicitWaits] - Element [[ChromeDriver: chrome on WINDOWS (c409ce2c4c1e6aea84da1832bd894a21)] -> xpath: //a[@class='btn btn-success btn-lg']] is clickable
23:18:21.185 [INFO ] [SeleniumActions] - The Click on a WebElement: [[ChromeDriver: chrome on WINDOWS (c409ce2c4c1e6aea84da1832bd894a21)] -> xpath: //a[@class='btn btn-success btn-lg']]
23:18:21.186 [INFO ] [ProductPage] - Click on Add to Cart
23:18:22.195 [INFO ] [ProductPage] - The alert was displayed successfully
23:18:22.252 [DEBUG] [ExplicitWaits] - Element [[ChromeDriver: chrome on WINDOWS (c409ce2c4c1e6aea84da1832bd894a21)] -> xpath: //a[contains(text(),'Cart')]] is not clickable org.openqa.selenium.UnhandledAlertException: unexpected alert open: {Alert text : Product added}
  (Session info: chrome=85.0.4183.83): Product added
Build info: version: '3.141.59', revision: 'e82be7d358', time: '2018-11-14T08:17:03'
System info: host: 'DESKTOP-H2M3TG4', ip: '192.168.0.10', os.name: 'Windows 10', os.arch: 'amd64', os.version: '10.0', java.version: '1.8.0_261'
Driver info: org.openqa.selenium.chrome.ChromeDriver
Capabilities {acceptInsecureCerts: false, browserName: chrome, browserVersion: 85.0.4183.83, chrome: {chromedriverVersion: 85.0.4183.83 (94abc2237ae0c..., userDataDir: C:\Users\acer\AppData\Local...}, goog:chromeOptions: {debuggerAddress: localhost:59571}, javascriptEnabled: true, networkConnectionEnabled: false, pageLoadStrategy: normal, platform: WINDOWS, platformName: WINDOWS, proxy: Proxy(), setWindowRect: true, strictFileInteractability: false, timeouts: {implicit: 0, pageLoad: 300000, script: 30000}, unhandledPromptBehavior: dismiss and notify, webauthn:virtualAuthenticators: true}
Session ID: c409ce2c4c1e6aea84da1832bd894a21
*** Element info: {Using=xpath, value=//a[contains(text(),'Cart')]}
23:18:22.268 [INFO ] [PurchaseProducts] - ======FAILED=====
23:18:22.806 [DEBUG] [UsefulMethods] - Local WebDriver detected..
23:18:22.902 [INFO ] [PurchaseProducts] - Exception: java.lang.AssertionError: expected [true] but found [false]
	at org.testng.Assert.fail(Assert.java:93)
	at org.testng.Assert.failNotEquals(Assert.java:512)
	at org.testng.Assert.assertTrue(Assert.java:41)
	at org.testng.Assert.assertTrue(Assert.java:51)
	at app.pages.ProductPage.clickOnCartTab(ProductPage.java:75)
	at app.suites.PurchaseProducts.purchaseLaptop(PurchaseProducts.java:89)
	at sun.reflect.NativeMethodAccessorImpl.invoke0(Native Method)
	at sun.reflect.NativeMethodAccessorImpl.invoke(NativeMethodAccessorImpl.java:62)
	at sun.reflect.DelegatingMethodAccessorImpl.invoke(DelegatingMethodAccessorImpl.java:43)
	at java.lang.reflect.Method.invoke(Method.java:498)
	at org.testng.internal.MethodInvocationHelper.invokeMethod(MethodInvocationHelper.java:108)
	at org.testng.internal.Invoker.invokeMethod(Invoker.java:661)
	at org.testng.internal.Invoker.invokeTestMethod(Invoker.java:869)
	at org.testng.internal.Invoker.invokeTestMethods(Invoker.java:1193)
	at org.testng.internal.TestMethodWorker.invokeTestMethods(TestMethodWorker.java:126)
	at org.testng.internal.TestMethodWorker.run(TestMethodWorker.java:109)
	at org.testng.TestRunner.privateRun(TestRunner.java:744)
	at org.testng.TestRunner.run(TestRunner.java:602)
	at org.testng.SuiteRunner.runTest(SuiteRunner.java:380)
	at org.testng.SuiteRunner.runSequentially(SuiteRunner.java:375)
	at org.testng.SuiteRunner.privateRun(SuiteRunner.java:340)
	at org.testng.SuiteRunner.run(SuiteRunner.java:289)
	at org.testng.SuiteRunnerWorker.runSuite(SuiteRunnerWorker.java:52)
	at org.testng.SuiteRunnerWorker.run(SuiteRunnerWorker.java:86)
	at org.testng.TestNG.runSuitesSequentially(TestNG.java:1301)
	at org.testng.TestNG.runSuitesLocally(TestNG.java:1226)
	at org.testng.TestNG.runSuites(TestNG.java:1144)
	at org.testng.TestNG.run(TestNG.java:1115)
	at org.testng.remote.AbstractRemoteTestNG.run(AbstractRemoteTestNG.java:115)
	at org.testng.remote.RemoteTestNG.initAndRun(RemoteTestNG.java:251)
	at org.testng.remote.RemoteTestNG.main(RemoteTestNG.java:77)

23:18:22.934 [INFO ] [PurchaseProducts] - ----------------------------------------------------------------------
23:18:22.934 [INFO ] [PurchaseProducts] -  -------------- The Test purchaseLaptop has been completed
23:18:22.934 [INFO ] [PurchaseProducts] - ----------------------------------------------------------------------
